2026-02-23 11:25:47,523 - INFO - Datos extraídos: Colombia - PIB
2026-02-23 11:25:48,083 - INFO - Datos extraídos: Colombia - Poblacion
2026-02-23 11:25:48,572 - INFO - Datos extraídos: Colombia - Inflacion
2026-02-23 11:25:49,104 - INFO - Datos extraídos: Mexico - PIB
2026-02-23 11:25:49,627 - INFO - Datos extraídos: Mexico - Poblacion
2026-02-23 11:25:49,939 - INFO - Datos extraídos: Mexico - Inflacion
2026-02-23 11:25:50,341 - INFO - Datos extraídos: Argentina - PIB
2026-02-23 11:25:50,671 - INFO - Datos extraídos: Argentina - Poblacion
2026-02-23 11:25:51,216 - INFO - Datos extraídos: Argentina - Inflacion
2026-02-23 11:25:51,121 - INFO - Datos extraídos: Brasil - PIB
2026-02-23 11:25:51,483 - INFO - Datos extraídos: Brasil - Poblacion
2026-02-23 11:25:52,177 - INFO - Datos extraídos: Brasil - Inflacion
2026-02-23 11:35:23,599 - INFO - Datos extraídos: Colombia - PIB
2026-02-23 11:35:23,940 - INFO - Datos extraídos: Colombia - Poblacion
2026-02-23 11:35:24,256 - INFO - Datos extraídos: Colombia - Inflacion
2026-02-23 11:35:24,112 - INFO - Datos extraídos: Mexico - PIB
2026-02-23 11:35:24,459 - INFO - Datos extraídos: Mexico - Poblacion
2026-02-23 11:35:24,777 - INFO - Datos extraídos: Mexico - Inflacion
2026-02-23 11:35:25,106 - INFO - Datos extraídos: Argentina - PIB
2026-02-23 11:35:25,528 - INFO - Datos extraídos: Argentina - Poblacion
2026-02-23 11:35:25,858 - INFO - Datos extraídos: Argentina - Inflacion
2026-02-23 11:35:26,170 - INFO - Datos extraídos: Brasil - PIB
2026-02-23 11:35:26,537 - INFO - Datos extraídos: Brasil - Poblacion
2026-02-23 11:35:26,920 - INFO - Datos extraídos: Brasil - Inflacion
2026-02-23 11:37:17,300 - INFO - Datos extraídos: Colombia - PIB
2026-02-23 11:37:17,817 - INFO - Datos extraídos: Colombia - Poblacion
2026-02-23 11:37:18,169 - INFO - Datos extraídos: Colombia - Inflacion
2026-02-23 11:37:18,698 - INFO - Datos extraídos: Mexico - PIB
2026-02-23 11:37:19,237 - INFO - Datos extraídos: Mexico - Poblacion
2026-02-23 11:37:19,311 - INFO - Datos extraídos: Mexico - Inflacion
2026-02-23 11:37:19,791 - INFO - Datos extraídos: Argentina - PIB
2026-02-23 11:37:20,313 - INFO - Datos extraídos: Argentina - Poblacion
2026-02-23 11:37:20,847 - INFO - Datos extraídos: Argentina - Inflacion
2026-02-23 11:37:21,430 - INFO - Datos extraídos: Brasil - PIB
2026-02-23 11:37:22,094 - INFO - Datos extraídos: Brasil - Poblacion
2026-02-23 11:37:22,615 - INFO - Datos extraídos: Brasil - Inflacion
2026-02-23 11:39:13,030 - INFO - Datos extraídos: Colombia - PIB
2026-02-23 11:39:13,549 - INFO - Datos extraídos: Colombia - Poblacion
2026-02-23 11:39:13,882 - INFO - Datos extraídos: Colombia - Inflacion
2026-02-23 11:39:14,429 - INFO - Datos extraídos: Mexico - PIB
2026-02-23 11:39:19,960 - INFO - Datos extraídos: Mexico - Poblacion
2026-02-23 11:39:14,823 - INFO - Datos extraídos: Mexico - Inflacion
2026-02-23 11:39:15,165 - INFO - Datos extraídos: Argentina - PIB
2026-02-23 11:39:15,580 - INFO - Datos extraídos: Argentina - Poblacion
2026-02-23 11:39:16,052 - INFO - Datos extraídos: Argentina - Inflacion
2026-02-23 11:39:16,405 - INFO - Datos extraídos: Brasil - PIB
2026-02-23 11:39:16,750 - INFO - Datos extraídos: Brasil - Poblacion
2026-02-23 11:39:17,115 - INFO - Datos extraídos: Brasil - Inflacion
2026-02-23 11:41:07,473 - INFO - Datos extraídos: Colombia - PIB
2026-02-23 11:41:08,054 - INFO - Datos extraídos: Colombia - Poblacion
2026-02-23 11:41:08,591 - INFO - Datos extraídos: Colombia - Inflacion
2026-02-23 11:41:09,112 - INFO - Datos extraídos: Mexico - PIB
2026-02-23 11:41:09,478 - INFO - Datos extraídos: Mexico - Poblacion
2026-02-23 11:41:09,805 - INFO - Datos extraídos: Mexico - Inflacion
2026-02-23 11:41:09,811 - INFO - Datos extraídos: Argentina - PIB
2026-02-23 11:41:10,164 - INFO - Datos extraídos: Argentina - Poblacion
2026-02-23 11:41:10,500 - INFO - Datos extraídos: Argentina - Inflacion
2026-02-23 11:41:10,815 - INFO - Datos extraídos: Brasil - PIB
2026-02-23 11:41:11,207 - INFO - Datos extraídos: Brasil - Poblacion
2026-02-23 11:41:11,593 - INFO - Datos extraídos: Brasil - Inflacion
2026-02-23 11:43:02,228 - INFO - Datos extraídos: Colombia - PIB
2026-02-23 11:43:02,529 - INFO - Datos extraídos: Colombia - Poblacion
2026-02-23 11:43:02,798 - INFO - Datos extraídos: Colombia - Inflacion
2026-02-23 11:43:03,101 - INFO - Datos extraídos: Mexico - PIB
2026-02-23 11:43:03,381 - INFO - Datos extraídos: Mexico - Poblacion
2026-02-23 11:43:03,764 - INFO - Datos extraídos: Mexico - Inflacion
2026-02-23 11:43:04,057 - INFO - Datos extraídos: Argentina - PIB
2026-02-23 11:43:04,340 - INFO - Datos extraídos: Argentina - Poblacion
2026-02-23 11:43:04,800 - INFO - Datos extraídos: Argentina - Inflacion
2026-02-23 11:43:05,134 - INFO - Datos extraídos: Brasil - PIB
2026-02-23 11:43:05,166 - INFO - Datos extraídos: Brasil - Poblacion
2026-02-23 11:43:05,480 - INFO - Datos extraídos: Brasil - Inflacion
2026-02-23 11:44:55,977 - INFO - Datos extraídos: Colombia - PIB
2026-02-23 11:44:56,315 - INFO - Datos extraídos: Colombia - Poblacion
2026-02-23 11:44:56,680 - INFO - Datos extraídos: Colombia - Inflacion
2026-02-23 11:44:57,040 - INFO - Datos extraídos: Mexico - PIB
2026-02-23 11:44:57,495 - INFO - Datos extraídos: Mexico - Poblacion
2026-02-23 11:44:57,802 - INFO - Datos extraídos: Mexico - Inflacion
2026-02-23 11:44:58,107 - INFO - Datos extraídos: Argentina - PIB
2026-02-23 11:44:58,433 - INFO - Datos extraídos: Argentina - Poblacion
2026-02-23 11:44:58,810 - INFO - Datos extraídos: Argentina - Inflacion
2026-02-23 11:44:59,145 - INFO - Datos extraídos: Brasil - PIB
2026-02-23 11:44:59,464 - INFO - Datos extraídos: Brasil - Poblacion
2026-02-23 11:44:59,756 - INFO - Datos extraídos: Brasil - Inflacion
2026-02-23 11:46:50,175 - INFO - Datos extraídos: Colombia - PIB
2026-02-23 11:46:50,526 - INFO - Datos extraídos: Colombia - Poblacion
2026-02-23 11:46:56,056 - INFO - Datos extraídos: Colombia - Inflacion
2026-02-23 11:46:50,750 - INFO - Datos extraídos: Mexico - PIB
2026-02-23 11:46:51,049 - INFO - Datos extraídos: Mexico - Poblacion
2026-02-23 11:46:51,387 - INFO - Datos extraídos: Mexico - Inflacion
2026-02-23 11:46:51,683 - INFO - Datos extraídos: Argentina - PIB
2026-02-23 11:46:52,001 - INFO - Datos extraídos: Argentina - Poblacion
2026-02-23 11:46:52,322 - INFO - Datos extraídos: Argentina - Inflacion
2026-02-23 11:46:52,627 - INFO - Datos extraídos: Brasil - PIB
2026-02-23 11:46:52,939 - INFO - Datos extraídos: Brasil - Poblacion
2026-02-23 11:46:53,297 - INFO - Datos extraídos: Brasil - Inflacion
2026-02-26 06:15:18,918 - INFO - Datos extraídos: Colombia - PIB
2026-02-26 06:15:19,242 - INFO - Datos extraídos: Colombia - Poblacion
2026-02-26 06:15:19,569 - INFO - Datos extraídos: Colombia - Inflacion
2026-02-26 06:15:19,894 - INFO - Datos extraídos: Mexico - PIB
2026-02-26 06:15:20,660 - INFO - Datos extraídos: Mexico - Poblacion
2026-02-26 06:15:20,991 - INFO - Datos extraídos: Mexico - Inflacion
2026-02-26 06:15:21,323 - INFO - Datos extraídos: Argentina - PIB
2026-02-26 06:15:21,659 - INFO - Datos extraídos: Argentina - Poblacion
2026-02-26 06:15:22,103 - INFO - Datos extraídos: Argentina - Inflacion
2026-02-26 06:15:22,435 - INFO - Datos extraídos: Brasil - PIB
2026-02-26 06:15:22,768 - INFO - Datos extraídos: Brasil - Poblacion
2026-02-26 06:15:23,099 - INFO - Datos extraídos: Brasil - Inflacion
2026-02-26 06:17:16,774 - INFO - Datos extraídos: Colombia - PIB
2026-02-26 06:17:17,408 - INFO - Datos extraídos: Colombia - Poblacion
2026-02-26 06:17:17,739 - INFO - Datos extraídos: Colombia - Inflacion
2026-02-26 06:17:18,400 - INFO - Datos extraídos: Mexico - PIB
2026-02-26 06:17:18,730 - INFO - Datos extraídos: Mexico - Poblacion
2026-02-26 06:17:18,998 - INFO - Datos extraídos: Mexico - Inflacion
2026-02-26 06:17:19,247 - INFO - Datos extraídos: Argentina - PIB
2026-02-26 06:17:19,613 - INFO - Datos extraídos: Argentina - Poblacion
2026-02-26 06:17:19,945 - INFO - Datos extraídos: Argentina - Inflacion
2026-02-26 06:17:20,277 - INFO - Datos extraídos: Brasil - PIB
2026-02-26 06:17:20,545 - INFO - Datos extraídos: Brasil - Poblacion
2026-02-26 06:17:20,829 - INFO - Datos extraídos: Brasil - Inflacion
2026-02-26 06:19:14,477 - INFO - Datos extraídos: Colombia - PIB
2026-02-26 06:19:14,805 - INFO - Datos extraídos: Colombia - Poblacion
2026-02-26 06:19:15,094 - INFO - Datos extraídos: Colombia - Inflacion
2026-02-26 06:19:15,459 - INFO - Datos extraídos: Mexico - PIB
2026-02-26 06:19:15,787 - INFO - Datos extraídos: Mexico - Poblacion
2026-02-26 06:19:16,055 - INFO - Datos extraídos: Mexico - Inflacion
2026-02-26 06:19:16,351 - INFO - Datos extraídos: Argentina - PIB
2026-02-26 06:19:16,655 - INFO - Datos extraídos: Argentina - Poblacion
2026-02-26 06:19:17,000 - INFO - Datos extraídos: Argentina - Inflacion
2026-02-26 06:19:17,429 - INFO - Datos extraídos: Brasil - PIB
2026-02-26 06:19:17,699 - INFO - Datos extraídos: Brasil - Poblacion
2026-02-26 06:19:18,084 - INFO - Datos extraídos: Brasil - Inflacion
2026-02-26 06:22:26,967 - INFO - Datos extraídos: Colombia - PIB
2026-02-26 06:22:27,304 - INFO - Datos extraídos: Colombia - Poblacion
2026-02-26 06:22:27,748 - INFO - Datos extraídos: Colombia - Inflacion
2026-02-26 06:22:28,077 - INFO - Datos extraídos: Mexico - PIB
2026-02-26 06:22:28,391 - INFO - Datos extraídos: Mexico - Poblacion
2026-02-26 06:22:28,631 - INFO - Datos extraídos: Mexico - Inflacion
2026-02-26 06:22:29,297 - INFO - Datos extraídos: Argentina - PIB
2026-02-26 06:22:29,630 - INFO - Datos extraídos: Argentina - Poblacion
2026-02-26 06:22:29,962 - INFO - Datos extraídos: Argentina - Inflacion
2026-02-26 06:22:30,297 - INFO - Datos extraídos: Brasil - PIB
2026-02-26 06:22:30,584 - INFO - Datos extraídos: Brasil - Poblacion
2026-02-26 06:22:30,963 - INFO - Datos extraídos: Brasil - Inflacion
2026-02-26 06:25:30,714 - INFO - Datos extraídos: Colombia - PIB
2026-02-26 06:25:31,047 - INFO - Datos extraídos: Colombia - Poblacion
2026-02-26 06:25:31,380 - INFO - Datos extraídos: Colombia - Inflacion
2026-02-26 06:25:31,711 - INFO - Datos extraídos: Mexico - PIB
2026-02-26 06:25:32,011 - INFO - Datos extraídos: Mexico - Poblacion
2026-02-26 06:25:32,380 - INFO - Datos extraídos: Mexico - Inflacion
2026-02-26 06:25:32,709 - INFO - Datos extraídos: Argentina - PIB
2026-02-26 06:25:33,041 - INFO - Datos extraídos: Argentina - Poblacion
2026-02-26 06:25:34,484 - INFO - Datos extraídos: Argentina - Inflacion
2026-02-26 06:25:34,817 - INFO - Datos extraídos: Brasil - PIB
2026-02-26 06:25:35,149 - INFO - Datos extraídos: Brasil - Poblacion
2026-02-26 06:25:35,482 - INFO - Datos extraídos: Brasil - Inflacion
2026-02-26 06:27:27,451 - INFO - Datos extraídos: Colombia - PIB
2026-02-26 06:27:27,791 - INFO - Datos extraídos: Colombia - Poblacion
2026-02-26 06:27:28,076 - INFO - Datos extraídos: Colombia - Inflacion
2026-02-26 06:27:28,345 - INFO - Datos extraídos: Mexico - PIB
2026-02-26 06:27:28,678 - INFO - Datos extraídos: Mexico - Poblacion
2026-02-26 06:27:30,231 - INFO - Datos extraídos: Mexico - Inflacion
2026-02-26 06:27:30,563 - INFO - Datos extraídos: Argentina - PIB
2026-02-26 06:27:30,899 - INFO - Datos extraídos: Argentina - Poblacion
2026-02-26 06:27:31,158 - INFO - Datos extraídos: Argentina - Inflacion
2026-02-26 06:27:31,478 - INFO - Datos extraídos: Brasil - PIB
2026-02-26 06:27:32,095 - INFO - Datos extraídos: Brasil - Poblacion
2026-02-26 06:27:32,456 - INFO - Datos extraídos: Brasil - Inflacion
2026-02-26 07:06:50,198 - INFO - 🚀 Iniciando extracción...
2026-02-26 07:06:50,199 - INFO - Consultando: https://api.worldbank.org/v2/country/COL/indicator/NY.GDP.MKTP.CD?format=json
2026-02-26 07:06:51,784 - INFO - Consultando: https://api.worldbank.org/v2/country/COL/indicator/FP.CPI.TOTL.ZG?format=json
2026-02-26 07:06:55,666 - INFO - Consultando: https://api.worldbank.org/v2/country/ARG/indicator/NY.GDP.MKTP.CD?format=json
2026-02-26 07:06:55,999 - INFO - Consultando: https://api.worldbank.org/v2/country/ARG/indicator/FP.CPI.TOTL.ZG?format=json
2026-02-26 07:06:56,995 - INFO - Consultando: https://api.worldbank.org/v2/country/BRA/indicator/NY.GDP.MKTP.CD?format=json
2026-02-26 07:06:57,332 - INFO - Consultando: https://api.worldbank.org/v2/country/BRA/indicator/FP.CPI.TOTL.ZG?format=json
2026-02-26 07:06:57,682 - INFO - ✅ Datos guardados en data/worldbank_raw.csv
2026-02-26 07:06:57,682 - INFO - 🏁 ETL finalizado
2026-02-26 07:15:19,331 - INFO - 🚀 Iniciando proceso ETL - EXTRACT
2026-02-26 07:15:19,331 - INFO - Iniciando descarga para COL - NY.GDP.MKTP.CD
2026-02-26 07:15:19,331 - INFO - Consultando página 1: https://api.worldbank.org/v2/country/COL/indicator/NY.GDP.MKTP.CD?format=json&page=1
2026-02-26 07:15:21,929 - INFO - Consultando página 2: https://api.worldbank.org/v2/country/COL/indicator/NY.GDP.MKTP.CD?format=json&page=2
2026-02-26 07:15:23,813 - INFO - Finalizada descarga para COL - NY.GDP.MKTP.CD
2026-02-26 07:15:23,813 - INFO - Iniciando descarga para COL - FP.CPI.TOTL.ZG
2026-02-26 07:15:23,816 - INFO - Consultando página 1: https://api.worldbank.org/v2/country/COL/indicator/FP.CPI.TOTL.ZG?format=json&page=1
2026-02-26 07:15:24,813 - INFO - Consultando página 2: https://api.worldbank.org/v2/country/COL/indicator/FP.CPI.TOTL.ZG?format=json&page=2
2026-02-26 07:15:27,029 - INFO - Finalizada descarga para COL - FP.CPI.TOTL.ZG
2026-02-26 07:15:27,029 - INFO - Iniciando descarga para ARG - NY.GDP.MKTP.CD
2026-02-26 07:15:27,029 - INFO - Consultando página 1: https://api.worldbank.org/v2/country/ARG/indicator/NY.GDP.MKTP.CD?format=json&page=1
2026-02-26 07:15:31,688 - INFO - Consultando página 2: https://api.worldbank.org/v2/country/ARG/indicator/NY.GDP.MKTP.CD?format=json&page=2
2026-02-26 07:15:38,901 - INFO - Finalizada descarga para ARG - NY.GDP.MKTP.CD
2026-02-26 07:15:38,902 - INFO - Iniciando descarga para ARG - FP.CPI.TOTL.ZG
2026-02-26 07:15:38,902 - INFO - Consultando página 1: https://api.worldbank.org/v2/country/ARG/indicator/FP.CPI.TOTL.ZG?format=json&page=1
2026-02-26 07:15:38,324 - INFO - Consultando página 2: https://api.worldbank.org/v2/country/ARG/indicator/FP.CPI.TOTL.ZG?format=json&page=2
2026-02-26 07:15:39,876 - INFO - Finalizada descarga para ARG - FP.CPI.TOTL.ZG
2026-02-26 07:15:39,876 - INFO - Iniciando descarga para BRA - NY.GDP.MKTP.CD
2026-02-26 07:15:39,876 - INFO - Consultando página 1: https://api.worldbank.org/v2/country/BRA/indicator/NY.GDP.MKTP.CD?format=json&page=1
2026-02-26 07:15:40,987 - INFO - Consultando página 2: https://api.worldbank.org/v2/country/BRA/indicator/NY.GDP.MKTP.CD?format=json&page=2
2026-02-26 07:15:42,095 - INFO - Finalizada descarga para BRA - NY.GDP.MKTP.CD
2026-02-26 07:15:42,095 - INFO - Iniciando descarga para BRA - FP.CPI.TOTL.ZG
2026-02-26 07:15:42,095 - INFO - Consultando página 1: https://api.worldbank.org/v2/country/BRA/indicator/FP.CPI.TOTL.ZG?format=json&page=1
2026-02-26 07:15:43,205 - INFO - Consultando página 2: https://api.worldbank.org/v2/country/BRA/indicator/FP.CPI.TOTL.ZG?format=json&page=2
2026-02-26 07:15:43,980 - INFO - Finalizada descarga para BRA - FP.CPI.TOTL.ZG
2026-02-26 07:15:43,981 - INFO - Iniciando descarga para MEX - NY.GDP.MKTP.CD
2026-02-26 07:15:43,981 - INFO - Consultando página 1: https://api.worldbank.org/v2/country/MEX/indicator/NY.GDP.MKTP.CD?format=json&page=1
2026-02-26 07:15:45,313 - INFO - Consultando página 2: https://api.worldbank.org/v2/country/MEX/indicator/NY.GDP.MKTP.CD?format=json&page=2
2026-02-26 07:15:46,200 - INFO - Finalizada descarga para MEX - NY.GDP.MKTP.CD
2026-02-26 07:15:46,200 - INFO - Iniciando descarga para MEX - FP.CPI.TOTL.ZG
2026-02-26 07:15:46,200 - INFO - Consultando página 1: https://api.worldbank.org/v2/country/MEX/indicator/FP.CPI.TOTL.ZG?format=json&page=1
2026-02-26 07:15:46,991 - INFO - Consultando página 2: https://api.worldbank.org/v2/country/MEX/indicator/FP.CPI.TOTL.ZG?format=json&page=2
2026-02-26 07:15:47,756 - INFO - Finalizada descarga para MEX - FP.CPI.TOTL.ZG
2026-02-26 07:15:47,756 - INFO - Iniciando descarga para PER - NY.GDP.MKTP.CD
2026-02-26 07:15:47,756 - INFO - Consultando página 1: https://api.worldbank.org/v2/country/PER/indicator/NY.GDP.MKTP.CD?format=json&page=1
2026-02-26 07:15:48,529 - INFO - Consultando página 2: https://api.worldbank.org/v2/country/PER/indicator/NY.GDP.MKTP.CD?format=json&page=2
2026-02-26 07:15:49,526 - INFO - Finalizada descarga para PER - NY.GDP.MKTP.CD
2026-02-26 07:15:49,526 - INFO - Iniciando descarga para PER - FP.CPI.TOTL.ZG
2026-02-26 07:15:49,526 - INFO - Consultando página 1: https://api.worldbank.org/v2/country/PER/indicator/FP.CPI.TOTL.ZG?format=json&page=1
2026-02-26 07:15:50,526 - INFO - Consultando página 2: https://api.worldbank.org/v2/country/PER/indicator/FP.CPI.TOTL.ZG?format=json&page=2
2026-02-26 07:15:51,335 - INFO - Finalizada descarga para PER - FP.CPI.TOTL.ZG
2026-02-26 07:15:51,335 - INFO - Iniciando descarga para CHL - NY.GDP.MKTP.CD
2026-02-26 07:15:51,335 - INFO - Consultando página 1: https://api.worldbank.org/v2/country/CHL/indicator/NY.GDP.MKTP.CD?format=json&page=1
2026-02-26 07:15:52,303 - INFO - Consultando página 2: https://api.worldbank.org/v2/country/CHL/indicator/NY.GDP.MKTP.CD?format=json&page=2
2026-02-26 07:15:53,188 - INFO - Finalizada descarga para CHL - NY.GDP.MKTP.CD
2026-02-26 07:15:53,188 - INFO - Iniciando descarga para CHL - FP.CPI.TOTL.ZG
2026-02-26 07:15:53,188 - INFO - Consultando página 1: https://api.worldbank.org/v2/country/CHL/indicator/FP.CPI.TOTL.ZG?format=json&page=1
2026-02-26 07:15:54,305 - INFO - Consultando página 2: https://api.worldbank.org/v2/country/CHL/indicator/FP.CPI.TOTL.ZG?format=json&page=2
2026-02-26 07:15:54,634 - INFO - Finalizada descarga para CHL - FP.CPI.TOTL.ZG
2026-02-26 07:15:54,634 - INFO - Iniciando descarga para ECU - NY.GDP.MKTP.CD
2026-02-26 07:15:54,634 - INFO - Consultando página 1: https://api.worldbank.org/v2/country/ECU/indicator/NY.GDP.MKTP.CD?format=json&page=1
2026-02-26 07:15:55,517 - INFO - Consultando página 2: https://api.worldbank.org/v2/country/ECU/indicator/NY.GDP.MKTP.CD?format=json&page=2
2026-02-26 07:15:56,516 - INFO - Finalizada descarga para ECU - NY.GDP.MKTP.CD
2026-02-26 07:15:56,517 - INFO - Iniciando descarga para ECU - FP.CPI.TOTL.ZG
2026-02-26 07:15:56,517 - INFO - Consultando página 1: https://api.worldbank.org/v2/country/ECU/indicator/FP.CPI.TOTL.ZG?format=json&page=1
2026-02-26 07:16:07,056 - INFO - Consultando página 2: https://api.worldbank.org/v2/country/ECU/indicator/FP.CPI.TOTL.ZG?format=json&page=2
2026-02-26 07:16:10,346 - INFO - Finalizada descarga para ECU - FP.CPI.TOTL.ZG
2026-02-26 07:16:10,347 - INFO - Iniciando descarga para URY - NY.GDP.MKTP.CD
2026-02-26 07:16:10,347 - INFO - Consultando página 1: https://api.worldbank.org/v2/country/URY/indicator/NY.GDP.MKTP.CD?format=json&page=1
2026-02-26 07:16:17,891 - INFO - Consultando página 2: https://api.worldbank.org/v2/country/URY/indicator/NY.GDP.MKTP.CD?format=json&page=2
2026-02-26 07:16:21,620 - INFO - Finalizada descarga para URY - NY.GDP.MKTP.CD
2026-02-26 07:16:21,620 - INFO - Iniciando descarga para URY - FP.CPI.TOTL.ZG
2026-02-26 07:16:21,620 - INFO - Consultando página 1: https://api.worldbank.org/v2/country/URY/indicator/FP.CPI.TOTL.ZG?format=json&page=1
2026-02-26 07:16:23,882 - INFO - Consultando página 2: https://api.worldbank.org/v2/country/URY/indicator/FP.CPI.TOTL.ZG?format=json&page=2
2026-02-26 07:16:25,369 - INFO - Finalizada descarga para URY - FP.CPI.TOTL.ZG
2026-02-26 07:16:25,369 - INFO - Iniciando descarga para PRY - NY.GDP.MKTP.CD
2026-02-26 07:16:25,369 - INFO - Consultando página 1: https://api.worldbank.org/v2/country/PRY/indicator/NY.GDP.MKTP.CD?format=json&page=1
2026-02-26 07:16:26,432 - INFO - Consultando página 2: https://api.worldbank.org/v2/country/PRY/indicator/NY.GDP.MKTP.CD?format=json&page=2
2026-02-26 07:16:27,320 - INFO - Finalizada descarga para PRY - NY.GDP.MKTP.CD
2026-02-26 07:16:27,320 - INFO - Iniciando descarga para PRY - FP.CPI.TOTL.ZG
2026-02-26 07:16:27,320 - INFO - Consultando página 1: https://api.worldbank.org/v2/country/PRY/indicator/FP.CPI.TOTL.ZG?format=json&page=1
2026-02-26 07:16:28,651 - INFO - Consultando página 2: https://api.worldbank.org/v2/country/PRY/indicator/FP.CPI.TOTL.ZG?format=json&page=2
2026-02-26 07:16:29,648 - INFO - Finalizada descarga para PRY - FP.CPI.TOTL.ZG
2026-02-26 07:16:29,649 - INFO - Iniciando descarga para USA - NY.GDP.MKTP.CD
2026-02-26 07:16:29,649 - INFO - Consultando página 1: https://api.worldbank.org/v2/country/USA/indicator/NY.GDP.MKTP.CD?format=json&page=1
2026-02-26 07:16:31,308 - INFO - Consultando página 2: https://api.worldbank.org/v2/country/USA/indicator/NY.GDP.MKTP.CD?format=json&page=2
2026-02-26 07:16:32,741 - INFO - Finalizada descarga para USA - NY.GDP.MKTP.CD
2026-02-26 07:16:32,741 - INFO - Iniciando descarga para USA - FP.CPI.TOTL.ZG
2026-02-26 07:16:32,752 - INFO - Consultando página 1: https://api.worldbank.org/v2/country/USA/indicator/FP.CPI.TOTL.ZG?format=json&page=1
2026-02-26 07:16:33,739 - INFO - Consultando página 2: https://api.worldbank.org/v2/country/USA/indicator/FP.CPI.TOTL.ZG?format=json&page=2
2026-02-26 07:16:34,847 - INFO - Finalizada descarga para USA - FP.CPI.TOTL.ZG
2026-02-26 07:16:34,867 - INFO - ✅ Datos guardados en data/worldbank_raw.csv
2026-02-26 07:16:34,867 - INFO - 📊 Total registros descargados: 1210
2026-02-26 07:16:34,868 - INFO - 🏁 Proceso finalizado
2026-02-26 07:18:14,423 - INFO - 🚀 Iniciando proceso ETL - VISUALIZE
2026-02-26 07:18:14,423 - INFO - 📊 Cargando archivo final...
2026-02-26 07:18:14,598 - INFO - Total registros: 36
2026-02-26 07:18:14,598 - INFO - Columnas disponibles: ['pais', 'año', 'Inflacion', 'PIB', 'Poblacion']
2026-02-26 07:18:14,602 - INFO - 🏁 Visualización finalizada
2026-02-26 07:18:37,845 - INFO - 🚀 Iniciando proceso ETL - EXTRACT
2026-02-26 07:18:37,845 - INFO - Iniciando descarga para COL - NY.GDP.MKTP.CD
2026-02-26 07:18:37,845 - INFO - Consultando página 1: https://api.worldbank.org/v2/country/COL/indicator/NY.GDP.MKTP.CD?format=json&page=1
2026-02-26 07:18:38,446 - INFO - Consultando página 2: https://api.worldbank.org/v2/country/COL/indicator/NY.GDP.MKTP.CD?format=json&page=2
2026-02-26 07:18:38,779 - INFO - Finalizada descarga para COL - NY.GDP.MKTP.CD
2026-02-26 07:18:38,779 - INFO - Iniciando descarga para COL - FP.CPI.TOTL.ZG
2026-02-26 07:18:38,779 - INFO - Consultando página 1: https://api.worldbank.org/v2/country/COL/indicator/FP.CPI.TOTL.ZG?format=json&page=1
2026-02-26 07:18:36,750 - INFO - Consultando página 2: https://api.worldbank.org/v2/country/COL/indicator/FP.CPI.TOTL.ZG?format=json&page=2
2026-02-26 07:18:37,056 - INFO - Finalizada descarga para COL - FP.CPI.TOTL.ZG
2026-02-26 07:18:37,056 - INFO - Iniciando descarga para ARG - NY.GDP.MKTP.CD
2026-02-26 07:18:37,056 - INFO - Consultando página 1: https://api.worldbank.org/v2/country/ARG/indicator/NY.GDP.MKTP.CD?format=json&page=1
2026-02-26 07:18:37,746 - INFO - Consultando página 2: https://api.worldbank.org/v2/country/ARG/indicator/NY.GDP.MKTP.CD?format=json&page=2
2026-02-26 07:18:38,079 - INFO - Finalizada descarga para ARG - NY.GDP.MKTP.CD
2026-02-26 07:18:38,079 - INFO - Iniciando descarga para ARG - FP.CPI.TOTL.ZG
2026-02-26 07:18:38,079 - INFO - Consultando página 1: https://api.worldbank.org/v2/country/ARG/indicator/FP.CPI.TOTL.ZG?format=json&page=1
2026-02-26 07:18:38,412 - INFO - Consultando página 2: https://api.worldbank.org/v2/country/ARG/indicator/FP.CPI.TOTL.ZG?format=json&page=2
2026-02-26 07:18:38,744 - INFO - Finalizada descarga para ARG - FP.CPI.TOTL.ZG
2026-02-26 07:18:38,744 - INFO - Iniciando descarga para BRA - NY.GDP.MKTP.CD
2026-02-26 07:18:38,744 - INFO - Consultando página 1: https://api.worldbank.org/v2/country/BRA/indicator/NY.GDP.MKTP.CD?format=json&page=1
2026-02-26 07:18:39,079 - INFO - Consultando página 2: https://api.worldbank.org/v2/country/BRA/indicator/NY.GDP.MKTP.CD?format=json&page=2
2026-02-26 07:18:39,410 - INFO - Finalizada descarga para BRA - NY.GDP.MKTP.CD
2026-02-26 07:18:39,411 - INFO - Iniciando descarga para BRA - FP.CPI.TOTL.ZG
2026-02-26 07:18:39,411 - INFO - Consultando página 1: https://api.worldbank.org/v2/country/BRA/indicator/FP.CPI.TOTL.ZG?format=json&page=1
2026-02-26 07:18:39,743 - INFO - Consultando página 2: https://api.worldbank.org/v2/country/BRA/indicator/FP.CPI.TOTL.ZG?format=json&page=2
2026-02-26 07:18:40,187 - INFO - Finalizada descarga para BRA - FP.CPI.TOTL.ZG
2026-02-26 07:18:40,187 - INFO - Iniciando descarga para MEX - NY.GDP.MKTP.CD
2026-02-26 07:18:40,187 - INFO - Consultando página 1: https://api.worldbank.org/v2/country/MEX/indicator/NY.GDP.MKTP.CD?format=json&page=1
2026-02-26 07:18:40,477 - INFO - Consultando página 2: https://api.worldbank.org/v2/country/MEX/indicator/NY.GDP.MKTP.CD?format=json&page=2
2026-02-26 07:18:40,788 - INFO - Finalizada descarga para MEX - NY.GDP.MKTP.CD
2026-02-26 07:18:40,788 - INFO - Iniciando descarga para MEX - FP.CPI.TOTL.ZG
2026-02-26 07:18:40,788 - INFO - Consultando página 1: https://api.worldbank.org/v2/country/MEX/indicator/FP.CPI.TOTL.ZG?format=json&page=1
2026-02-26 07:18:42,185 - INFO - Consultando página 2: https://api.worldbank.org/v2/country/MEX/indicator/FP.CPI.TOTL.ZG?format=json&page=2
2026-02-26 07:18:42,739 - INFO - Finalizada descarga para MEX - FP.CPI.TOTL.ZG
2026-02-26 07:18:42,739 - INFO - Iniciando descarga para PER - NY.GDP.MKTP.CD
2026-02-26 07:18:42,739 - INFO - Consultando página 1: https://api.worldbank.org/v2/country/PER/indicator/NY.GDP.MKTP.CD?format=json&page=1
2026-02-26 07:18:43,074 - INFO - Consultando página 2: https://api.worldbank.org/v2/country/PER/indicator/NY.GDP.MKTP.CD?format=json&page=2
2026-02-26 07:18:43,517 - INFO - Finalizada descarga para PER - NY.GDP.MKTP.CD
2026-02-26 07:18:43,518 - INFO - Iniciando descarga para PER - FP.CPI.TOTL.ZG
2026-02-26 07:18:43,518 - INFO - Consultando página 1: https://api.worldbank.org/v2/country/PER/indicator/FP.CPI.TOTL.ZG?format=json&page=1
2026-02-26 07:18:43,849 - INFO - Consultando página 2: https://api.worldbank.org/v2/country/PER/indicator/FP.CPI.TOTL.ZG?format=json&page=2
2026-02-26 07:18:44,182 - INFO - Finalizada descarga para PER - FP.CPI.TOTL.ZG
2026-02-26 07:18:44,182 - INFO - Iniciando descarga para CHL - NY.GDP.MKTP.CD
2026-02-26 07:18:44,182 - INFO - Consultando página 1: https://api.worldbank.org/v2/country/CHL/indicator/NY.GDP.MKTP.CD?format=json&page=1
2026-02-26 07:18:44,630 - INFO - Consultando página 2: https://api.worldbank.org/v2/country/CHL/indicator/NY.GDP.MKTP.CD?format=json&page=2
2026-02-26 07:18:44,960 - INFO - Finalizada descarga para CHL - NY.GDP.MKTP.CD
2026-02-26 07:18:44,960 - INFO - Iniciando descarga para CHL - FP.CPI.TOTL.ZG
2026-02-26 07:18:44,961 - INFO - Consultando página 1: https://api.worldbank.org/v2/country/CHL/indicator/FP.CPI.TOTL.ZG?format=json&page=1
2026-02-26 07:18:45,289 - INFO - Consultando página 2: https://api.worldbank.org/v2/country/CHL/indicator/FP.CPI.TOTL.ZG?format=json&page=2
2026-02-26 07:18:45,621 - INFO - Finalizada descarga para CHL - FP.CPI.TOTL.ZG
2026-02-26 07:18:45,621 - INFO - Iniciando descarga para ECU - NY.GDP.MKTP.CD
2026-02-26 07:18:45,621 - INFO - Consultando página 1: https://api.worldbank.org/v2/country/ECU/indicator/NY.GDP.MKTP.CD?format=json&page=1
2026-02-26 07:18:45,954 - INFO - Consultando página 2: https://api.worldbank.org/v2/country/ECU/indicator/NY.GDP.MKTP.CD?format=json&page=2
2026-02-26 07:18:46,288 - INFO - Finalizada descarga para ECU - NY.GDP.MKTP.CD
2026-02-26 07:18:46,289 - INFO - Iniciando descarga para ECU - FP.CPI.TOTL.ZG
2026-02-26 07:18:46,289 - INFO - Consultando página 1: https://api.worldbank.org/v2/country/ECU/indicator/FP.CPI.TOTL.ZG?format=json&page=1
2026-02-26 07:18:46,623 - INFO - Consultando página 2: https://api.worldbank.org/v2/country/ECU/indicator/FP.CPI.TOTL.ZG?format=json&page=2
2026-02-26 07:18:46,923 - INFO - Finalizada descarga para ECU - FP.CPI.TOTL.ZG
2026-02-26 07:18:46,923 - INFO - Iniciando descarga para URY - NY.GDP.MKTP.CD
2026-02-26 07:18:46,923 - INFO - Consultando página 1: https://api.worldbank.org/v2/country/URY/indicator/NY.GDP.MKTP.CD?format=json&page=1
2026-02-26 07:18:47,468 - INFO - Consultando página 2: https://api.worldbank.org/v2/country/URY/indicator/NY.GDP.MKTP.CD?format=json&page=2
2026-02-26 07:18:47,768 - INFO - Finalizada descarga para URY - NY.GDP.MKTP.CD
2026-02-26 07:18:47,768 - INFO - Iniciando descarga para URY - FP.CPI.TOTL.ZG
2026-02-26 07:18:47,769 - INFO - Consultando página 1: https://api.worldbank.org/v2/country/URY/indicator/FP.CPI.TOTL.ZG?format=json&page=1
2026-02-26 07:18:48,176 - INFO - Consultando página 2: https://api.worldbank.org/v2/country/URY/indicator/FP.CPI.TOTL.ZG?format=json&page=2
2026-02-26 07:18:48,496 - INFO - Finalizada descarga para URY - FP.CPI.TOTL.ZG
2026-02-26 07:18:48,496 - INFO - Iniciando descarga para PRY - NY.GDP.MKTP.CD
2026-02-26 07:18:48,496 - INFO - Consultando página 1: https://api.worldbank.org/v2/country/PRY/indicator/NY.GDP.MKTP.CD?format=json&page=1
2026-02-26 07:18:48,801 - INFO - Consultando página 2: https://api.worldbank.org/v2/country/PRY/indicator/NY.GDP.MKTP.CD?format=json&page=2
2026-02-26 07:18:49,161 - INFO - Finalizada descarga para PRY - NY.GDP.MKTP.CD
2026-02-26 07:18:49,162 - INFO - Iniciando descarga para PRY - FP.CPI.TOTL.ZG
2026-02-26 07:18:49,162 - INFO - Consultando página 1: https://api.worldbank.org/v2/country/PRY/indicator/FP.CPI.TOTL.ZG?format=json&page=1
2026-02-26 07:18:49,508 - INFO - Consultando página 2: https://api.worldbank.org/v2/country/PRY/indicator/FP.CPI.TOTL.ZG?format=json&page=2
2026-02-26 07:18:49,952 - INFO - Finalizada descarga para PRY - FP.CPI.TOTL.ZG
2026-02-26 07:18:49,952 - INFO - Iniciando descarga para USA - NY.GDP.MKTP.CD
2026-02-26 07:18:49,953 - INFO - Consultando página 1: https://api.worldbank.org/v2/country/USA/indicator/NY.GDP.MKTP.CD?format=json&page=1
2026-02-26 07:18:50,283 - INFO - Consultando página 2: https://api.worldbank.org/v2/country/USA/indicator/NY.GDP.MKTP.CD?format=json&page=2
2026-02-26 07:18:50,614 - INFO - Finalizada descarga para USA - NY.GDP.MKTP.CD
2026-02-26 07:18:50,614 - INFO - Iniciando descarga para USA - FP.CPI.TOTL.ZG
2026-02-26 07:18:50,614 - INFO - Consultando página 1: https://api.worldbank.org/v2/country/USA/indicator/FP.CPI.TOTL.ZG?format=json&page=1
2026-02-26 07:18:50,948 - INFO - Consultando página 2: https://api.worldbank.org/v2/country/USA/indicator/FP.CPI.TOTL.ZG?format=json&page=2
2026-02-26 07:18:51,282 - INFO - Finalizada descarga para USA - FP.CPI.TOTL.ZG
2026-02-26 07:18:51,305 - INFO - ✅ Datos guardados en data/worldbank_raw.csv
2026-02-26 07:18:51,306 - INFO - 📊 Total registros descargados: 1210
2026-02-26 07:18:51,307 - INFO - 🏁 Proceso finalizado
2026-02-26 07:19:09,223 - INFO - 🚀 Iniciando proceso ETL - VISUALIZE
2026-02-26 07:19:09,224 - INFO - 📊 Cargando archivo final...
2026-02-26 07:19:09,379 - INFO - Total registros: 36
2026-02-26 07:19:09,379 - INFO - Columnas disponibles: ['pais', 'año', 'Inflacion', 'PIB', 'Poblacion']
2026-02-26 07:19:09,383 - INFO - 🏁 Visualización finalizada
2026-02-26 07:21:34,506 - INFO - 🚀 Iniciando proceso ETL - VISUALIZE
2026-02-26 07:21:34,506 - INFO - 📊 Cargando archivo final...
2026-02-26 07:21:34,685 - INFO - Total registros: 36
2026-02-26 07:21:34,685 - INFO - Columnas disponibles: ['pais', 'año', 'Inflacion', 'PIB', 'Poblacion']
2026-02-26 07:21:34,690 - INFO - 🏁 Visualización finalizada
2026-02-26 07:21:52,278 - INFO - 🚀 Iniciando proceso ETL - VISUALIZE
2026-02-26 07:21:52,279 - INFO - 📊 Cargando archivo final...
2026-02-26 07:21:52,513 - INFO - Total registros: 36
2026-02-26 07:21:52,513 - INFO - Columnas disponibles: ['pais', 'año', 'Inflacion', 'PIB', 'Poblacion']
2026-02-26 07:21:52,518 - INFO - 🏁 Visualización finalizada
2026-02-26 07:23:33,812 - INFO - 🚀 Iniciando proceso ETL - EXTRACT
2026-02-26 07:23:33,812 - INFO - Iniciando descarga para COL - NY.GDP.MKTP.CD
2026-02-26 07:23:33,813 - INFO - Consultando página 1: https://api.worldbank.org/v2/country/COL/indicator/NY.GDP.MKTP.CD?format=json&page=1
2026-02-26 07:23:34,723 - INFO - Consultando página 2: https://api.worldbank.org/v2/country/COL/indicator/NY.GDP.MKTP.CD?format=json&page=2
2026-02-26 07:23:35,043 - INFO - Finalizada descarga para COL - NY.GDP.MKTP.CD
2026-02-26 07:23:35,043 - INFO - Iniciando descarga para COL - FP.CPI.TOTL.ZG
2026-02-26 07:23:35,043 - INFO - Consultando página 1: https://api.worldbank.org/v2/country/COL/indicator/FP.CPI.TOTL.ZG?format=json&page=1
2026-02-26 07:23:35,356 - INFO - Consultando página 2: https://api.worldbank.org/v2/country/COL/indicator/FP.CPI.TOTL.ZG?format=json&page=2
2026-02-26 07:23:35,655 - INFO - Finalizada descarga para COL - FP.CPI.TOTL.ZG
2026-02-26 07:23:35,655 - INFO - Iniciando descarga para ARG - NY.GDP.MKTP.CD
2026-02-26 07:23:35,655 - INFO - Consultando página 1: https://api.worldbank.org/v2/country/ARG/indicator/NY.GDP.MKTP.CD?format=json&page=1
2026-02-26 07:23:36,042 - INFO - Consultando página 2: https://api.worldbank.org/v2/country/ARG/indicator/NY.GDP.MKTP.CD?format=json&page=2
2026-02-26 07:23:36,373 - INFO - Finalizada descarga para ARG - NY.GDP.MKTP.CD
2026-02-26 07:23:36,374 - INFO - Iniciando descarga para ARG - FP.CPI.TOTL.ZG
2026-02-26 07:23:36,374 - INFO - Consultando página 1: https://api.worldbank.org/v2/country/ARG/indicator/FP.CPI.TOTL.ZG?format=json&page=1
2026-02-26 07:23:36,706 - INFO - Consultando página 2: https://api.worldbank.org/v2/country/ARG/indicator/FP.CPI.TOTL.ZG?format=json&page=2
2026-02-26 07:23:37,040 - INFO - Finalizada descarga para ARG - FP.CPI.TOTL.ZG
2026-02-26 07:23:37,040 - INFO - Iniciando descarga para BRA - NY.GDP.MKTP.CD
2026-02-26 07:23:37,040 - INFO - Consultando página 1: https://api.worldbank.org/v2/country/BRA/indicator/NY.GDP.MKTP.CD?format=json&page=1
2026-02-26 07:23:37,363 - INFO - Consultando página 2: https://api.worldbank.org/v2/country/BRA/indicator/NY.GDP.MKTP.CD?format=json&page=2
2026-02-26 07:23:37,706 - INFO - Finalizada descarga para BRA - NY.GDP.MKTP.CD
2026-02-26 07:23:37,706 - INFO - Iniciando descarga para BRA - FP.CPI.TOTL.ZG
2026-02-26 07:23:37,706 - INFO - Consultando página 1: https://api.worldbank.org/v2/country/BRA/indicator/FP.CPI.TOTL.ZG?format=json&page=1
2026-02-26 07:23:35,639 - INFO - Consultando página 2: https://api.worldbank.org/v2/country/BRA/indicator/FP.CPI.TOTL.ZG?format=json&page=2
2026-02-26 07:23:35,967 - INFO - Finalizada descarga para BRA - FP.CPI.TOTL.ZG
2026-02-26 07:23:35,968 - INFO - Iniciando descarga para MEX - NY.GDP.MKTP.CD
2026-02-26 07:23:35,968 - INFO - Consultando página 1: https://api.worldbank.org/v2/country/MEX/indicator/NY.GDP.MKTP.CD?format=json&page=1
2026-02-26 07:23:36,382 - INFO - Consultando página 2: https://api.worldbank.org/v2/country/MEX/indicator/NY.GDP.MKTP.CD?format=json&page=2
2026-02-26 07:23:36,715 - INFO - Finalizada descarga para MEX - NY.GDP.MKTP.CD
2026-02-26 07:23:36,715 - INFO - Iniciando descarga para MEX - FP.CPI.TOTL.ZG
2026-02-26 07:23:36,715 - INFO - Consultando página 1: https://api.worldbank.org/v2/country/MEX/indicator/FP.CPI.TOTL.ZG?format=json&page=1
2026-02-26 07:23:38,157 - INFO - Consultando página 2: https://api.worldbank.org/v2/country/MEX/indicator/FP.CPI.TOTL.ZG?format=json&page=2
2026-02-26 07:23:38,488 - INFO - Finalizada descarga para MEX - FP.CPI.TOTL.ZG
2026-02-26 07:23:38,488 - INFO - Iniciando descarga para PER - NY.GDP.MKTP.CD
2026-02-26 07:23:38,488 - INFO - Consultando página 1: https://api.worldbank.org/v2/country/PER/indicator/NY.GDP.MKTP.CD?format=json&page=1
2026-02-26 07:23:38,820 - INFO - Consultando página 2: https://api.worldbank.org/v2/country/PER/indicator/NY.GDP.MKTP.CD?format=json&page=2
2026-02-26 07:23:39,155 - INFO - Finalizada descarga para PER - NY.GDP.MKTP.CD
2026-02-26 07:23:39,155 - INFO - Iniciando descarga para PER - FP.CPI.TOTL.ZG
2026-02-26 07:23:39,155 - INFO - Consultando página 1: https://api.worldbank.org/v2/country/PER/indicator/FP.CPI.TOTL.ZG?format=json&page=1
2026-02-26 07:23:39,485 - INFO - Consultando página 2: https://api.worldbank.org/v2/country/PER/indicator/FP.CPI.TOTL.ZG?format=json&page=2
2026-02-26 07:23:39,821 - INFO - Finalizada descarga para PER - FP.CPI.TOTL.ZG
2026-02-26 07:23:39,821 - INFO - Iniciando descarga para CHL - NY.GDP.MKTP.CD
2026-02-26 07:23:39,821 - INFO - Consultando página 1: https://api.worldbank.org/v2/country/CHL/indicator/NY.GDP.MKTP.CD?format=json&page=1
2026-02-26 07:23:40,153 - INFO - Consultando página 2: https://api.worldbank.org/v2/country/CHL/indicator/NY.GDP.MKTP.CD?format=json&page=2
2026-02-26 07:23:40,460 - INFO - Finalizada descarga para CHL - NY.GDP.MKTP.CD
2026-02-26 07:23:40,460 - INFO - Iniciando descarga para CHL - FP.CPI.TOTL.ZG
2026-02-26 07:23:40,460 - INFO - Consultando página 1: https://api.worldbank.org/v2/country/CHL/indicator/FP.CPI.TOTL.ZG?format=json&page=1
2026-02-26 07:23:40,755 - INFO - Consultando página 2: https://api.worldbank.org/v2/country/CHL/indicator/FP.CPI.TOTL.ZG?format=json&page=2
2026-02-26 07:23:41,044 - INFO - Finalizada descarga para CHL - FP.CPI.TOTL.ZG
2026-02-26 07:23:41,044 - INFO - Iniciando descarga para ECU - NY.GDP.MKTP.CD
2026-02-26 07:23:41,044 - INFO - Consultando página 1: https://api.worldbank.org/v2/country/ECU/indicator/NY.GDP.MKTP.CD?format=json&page=1
2026-02-26 07:23:41,373 - INFO - Consultando página 2: https://api.worldbank.org/v2/country/ECU/indicator/NY.GDP.MKTP.CD?format=json&page=2
2026-02-26 07:23:41,707 - INFO - Finalizada descarga para ECU - NY.GDP.MKTP.CD
2026-02-26 07:23:41,708 - INFO - Iniciando descarga para ECU - FP.CPI.TOTL.ZG
2026-02-26 07:23:41,708 - INFO - Consultando página 1: https://api.worldbank.org/v2/country/ECU/indicator/FP.CPI.TOTL.ZG?format=json&page=1
2026-02-26 07:23:42,004 - INFO - Consultando página 2: https://api.worldbank.org/v2/country/ECU/indicator/FP.CPI.TOTL.ZG?format=json&page=2
2026-02-26 07:23:42,300 - INFO - Finalizada descarga para ECU - FP.CPI.TOTL.ZG
2026-02-26 07:23:42,300 - INFO - Iniciando descarga para URY - NY.GDP.MKTP.CD
2026-02-26 07:23:42,300 - INFO - Consultando página 1: https://api.worldbank.org/v2/country/URY/indicator/NY.GDP.MKTP.CD?format=json&page=1
2026-02-26 07:23:42,817 - INFO - Consultando página 2: https://api.worldbank.org/v2/country/URY/indicator/NY.GDP.MKTP.CD?format=json&page=2
2026-02-26 07:23:43,150 - INFO - Finalizada descarga para URY - NY.GDP.MKTP.CD
2026-02-26 07:23:43,151 - INFO - Iniciando descarga para URY - FP.CPI.TOTL.ZG
2026-02-26 07:23:43,151 - INFO - Consultando página 1: https://api.worldbank.org/v2/country/URY/indicator/FP.CPI.TOTL.ZG?format=json&page=1
2026-02-26 07:23:43,445 - INFO - Consultando página 2: https://api.worldbank.org/v2/country/URY/indicator/FP.CPI.TOTL.ZG?format=json&page=2
2026-02-26 07:23:43,728 - INFO - Finalizada descarga para URY - FP.CPI.TOTL.ZG
2026-02-26 07:23:43,729 - INFO - Iniciando descarga para PRY - NY.GDP.MKTP.CD
2026-02-26 07:23:43,729 - INFO - Consultando página 1: https://api.worldbank.org/v2/country/PRY/indicator/NY.GDP.MKTP.CD?format=json&page=1
2026-02-26 07:23:44,259 - INFO - Consultando página 2: https://api.worldbank.org/v2/country/PRY/indicator/NY.GDP.MKTP.CD?format=json&page=2
2026-02-26 07:23:44,597 - INFO - Finalizada descarga para PRY - NY.GDP.MKTP.CD
2026-02-26 07:23:44,597 - INFO - Iniciando descarga para PRY - FP.CPI.TOTL.ZG
2026-02-26 07:23:44,597 - INFO - Consultando página 1: https://api.worldbank.org/v2/country/PRY/indicator/FP.CPI.TOTL.ZG?format=json&page=1
2026-02-26 07:23:45,035 - INFO - Consultando página 2: https://api.worldbank.org/v2/country/PRY/indicator/FP.CPI.TOTL.ZG?format=json&page=2
2026-02-26 07:23:45,367 - INFO - Finalizada descarga para PRY - FP.CPI.TOTL.ZG
2026-02-26 07:23:45,368 - INFO - Iniciando descarga para USA - NY.GDP.MKTP.CD
2026-02-26 07:23:45,368 - INFO - Consultando página 1: https://api.worldbank.org/v2/country/USA/indicator/NY.GDP.MKTP.CD?format=json&page=1
2026-02-26 07:23:45,689 - INFO - Consultando página 2: https://api.worldbank.org/v2/country/USA/indicator/NY.GDP.MKTP.CD?format=json&page=2
2026-02-26 07:23:46,123 - INFO - Finalizada descarga para USA - NY.GDP.MKTP.CD
2026-02-26 07:23:46,123 - INFO - Iniciando descarga para USA - FP.CPI.TOTL.ZG
2026-02-26 07:23:46,134 - INFO - Consultando página 1: https://api.worldbank.org/v2/country/USA/indicator/FP.CPI.TOTL.ZG?format=json&page=1
2026-02-26 07:23:46,462 - INFO - Consultando página 2: https://api.worldbank.org/v2/country/USA/indicator/FP.CPI.TOTL.ZG?format=json&page=2
2026-02-26 07:23:46,786 - INFO - Finalizada descarga para USA - FP.CPI.TOTL.ZG
2026-02-26 07:23:46,805 - INFO - ✅ Datos guardados en data/worldbank_raw.csv
2026-02-26 07:23:46,806 - INFO - 📊 Total registros descargados: 1210
2026-02-26 07:23:46,806 - INFO - 🏁 Proceso finalizado
2026-02-26 07:23:49,891 - INFO - 🚀 Iniciando proceso ETL - VISUALIZE
2026-02-26 07:23:49,891 - INFO - 📊 Cargando archivo final...
2026-02-26 07:23:50,067 - INFO - Total registros: 36
2026-02-26 07:23:50,101 - INFO - 🏁 Visualización finalizada
2026-02-26 07:27:10,889 - INFO - 🚀 Iniciando extracción
2026-02-26 07:27:27,381 - INFO - ✅ Archivo RAW guardado
2026-02-26 07:27:27,381 - INFO - 🏁 Extracción finalizada
2026-02-26 07:27:32,389 - INFO - 🚀 Iniciando extracción
2026-02-26 07:27:45,424 - INFO - ✅ Archivo RAW guardado
2026-02-26 07:27:45,424 - INFO - 🏁 Extracción finalizada
2026-02-26 07:27:52,511 - INFO - 🚀 Iniciando proceso ETL - VISUALIZE
2026-02-26 07:27:52,512 - INFO - 📊 Cargando archivo final...
2026-02-26 07:27:52,512 - ERROR - No existe el archivo: data/worldbank_final.xlsx
2026-02-26 07:27:52,512 - INFO - 🏁 Visualización finalizada
2026-02-26 07:29:21,756 - INFO - 🚀 Iniciando extracción
2026-02-26 07:29:35,273 - INFO - ✅ Archivo RAW guardado
2026-02-26 07:29:35,274 - INFO - 🏁 Extracción finalizada
2026-02-26 07:29:39,468 - INFO - 🚀 Iniciando proceso ETL - TRANSFORM
2026-02-26 07:29:39,469 - INFO - 🔄 Cargando datos crudos...
2026-02-26 07:29:39,475 - INFO - Registros cargados: 1210
2026-02-26 07:29:39,737 - INFO - ✅ CSV transformado guardado en data/worldbank_transformado.csv
2026-02-26 07:29:39,737 - INFO - ✅ Excel final guardado en data/worldbank_final.xlsx
2026-02-26 07:29:39,737 - INFO - 📊 Total registros transformados: 650
2026-02-26 07:29:39,737 - INFO - 🏁 Transformación finalizada
2026-02-26 07:29:46,862 - INFO - 🚀 Iniciando proceso ETL - VISUALIZE
2026-02-26 07:29:46,862 - INFO - 📊 Cargando archivo final...
2026-02-26 07:29:47,064 - INFO - Total registros: 650
2026-02-26 07:29:47,134 - INFO - 🏁 Visualización finalizada
2026-02-26 15:00:16,714 - INFO - 🚀 Iniciando extracción
2026-02-26 15:00:38,937 - INFO - ✅ Archivo RAW guardado
2026-02-26 15:00:38,937 - INFO - 🏁 Extracción finalizada
2026-02-26 15:00:45,926 - INFO - 🚀 Iniciando proceso ETL - TRANSFORM
2026-02-26 15:00:45,926 - INFO - 🔄 Cargando datos crudos...
2026-02-26 15:00:45,929 - INFO - Registros cargados: 1210
2026-02-26 15:00:46,109 - INFO - ✅ CSV transformado guardado en data/worldbank_transformado.csv
2026-02-26 15:00:46,110 - INFO - ✅ Excel final guardado en data/worldbank_final.xlsx
2026-02-26 15:00:46,110 - INFO - 📊 Total registros transformados: 650
2026-02-26 15:00:46,110 - INFO - 🏁 Transformación finalizada
2026-02-26 15:00:50,761 - INFO - 🚀 Iniciando proceso ETL - VISUALIZE
2026-02-26 15:00:50,761 - INFO - 📊 Cargando archivo final...
2026-02-26 15:00:50,858 - INFO - Total registros: 650
2026-02-26 15:00:50,889 - INFO - 🏁 Visualización finalizada
2026-02-26 15:07:49,860 - INFO - 🚀 Iniciando extracción
2026-02-26 15:08:08,463 - INFO - ✅ Archivo RAW guardado
2026-02-26 15:08:08,463 - INFO - 🏁 Extracción finalizada
2026-02-26 15:08:13,977 - INFO - 🚀 Iniciando proceso ETL - TRANSFORM
2026-02-26 15:08:13,977 - INFO - 🔄 Cargando datos crudos...
2026-02-26 15:08:13,981 - INFO - Registros cargados: 1210
2026-02-26 15:08:14,169 - INFO - ✅ CSV transformado guardado en data/worldbank_transformado.csv
2026-02-26 15:08:14,170 - INFO - ✅ Excel final guardado en data/worldbank_final.xlsx
2026-02-26 15:08:14,170 - INFO - 📊 Total registros transformados: 650
2026-02-26 15:08:14,170 - INFO - 🏁 Transformación finalizada
2026-02-26 15:08:17,048 - INFO - 🚀 Iniciando proceso ETL - VISUALIZE
2026-02-26 15:08:17,048 - INFO - 📊 Cargando archivo final...
2026-02-26 15:08:17,149 - INFO - Total registros: 650
2026-02-26 15:08:17,176 - INFO - 🏁 Visualización finalizada
2026-02-26 15:11:03,863 - INFO - 🚀 Iniciando extracción
2026-02-26 15:11:20,689 - INFO - ✅ Archivo RAW guardado
2026-02-26 15:11:20,689 - INFO - 🏁 Extracción finalizada
2026-02-26 15:11:54,519 - INFO - 🚀 Iniciando extracción
2026-02-26 15:12:11,602 - INFO - ✅ Archivo RAW guardado
2026-02-26 15:12:11,609 - INFO - 🏁 Extracción finalizada
2026-02-26 15:12:40,134 - INFO - 🚀 Iniciando extracción
2026-02-26 15:12:58,088 - INFO - ✅ Archivo RAW guardado
2026-02-26 15:12:58,088 - INFO - 🏁 Extracción finalizada
2026-02-26 15:13:03,237 - INFO - 🚀 Iniciando proceso ETL - TRANSFORM
2026-02-26 15:13:03,237 - INFO - 🔄 Cargando datos crudos...
2026-02-26 15:13:03,240 - INFO - Registros cargados: 1210
2026-02-26 15:13:03,356 - INFO - ✅ CSV transformado guardado en data/worldbank_transformado.csv
2026-02-26 15:13:03,357 - INFO - ✅ Excel final guardado en data/worldbank_final.xlsx
2026-02-26 15:13:03,357 - INFO - 📊 Total registros transformados: 650
2026-02-26 15:13:03,357 - INFO - 🏁 Transformación finalizada
2026-02-26 15:13:07,187 - INFO - 🚀 Iniciando proceso ETL - VISUALIZE
2026-02-26 15:13:07,187 - INFO - 📊 Cargando archivo final...
2026-02-26 15:13:07,288 - INFO - Total registros: 650
2026-02-26 15:13:07,316 - INFO - 🏁 Visualización finalizada
2026-02-26 15:14:22,367 - INFO - 🚀 Iniciando extracción
2026-02-26 15:15:02,382 - INFO - 🚀 Iniciando extracción
2026-02-26 15:15:21,947 - INFO - ✅ Archivo RAW guardado
2026-02-26 15:15:21,947 - INFO - 🏁 Extracción finalizada
2026-02-26 15:16:40,011 - INFO - 🚀 Iniciando extracción
2026-02-26 15:17:00,248 - INFO - ✅ Archivo RAW guardado
2026-02-26 15:17:00,248 - INFO - 🏁 Extracción finalizada
2026-02-26 15:17:25,813 - INFO - 🚀 Iniciando proceso ETL - TRANSFORM
2026-02-26 15:17:25,814 - INFO - 🔄 Cargando datos crudos...
2026-02-26 15:17:25,817 - INFO - Registros cargados: 1210
2026-02-26 15:17:25,932 - INFO - ✅ CSV transformado guardado en data/worldbank_transformado.csv
2026-02-26 15:17:25,932 - INFO - ✅ Excel final guardado en data/worldbank_final.xlsx
2026-02-26 15:17:25,932 - INFO - 📊 Total registros transformados: 650
2026-02-26 15:17:25,932 - INFO - 🏁 Transformación finalizada
2026-02-26 15:17:40,757 - INFO - 🚀 Iniciando proceso ETL - VISUALIZE
2026-02-26 15:17:40,757 - INFO - 📊 Cargando archivo final...
2026-02-26 15:17:40,856 - INFO - Total registros: 650
2026-02-26 15:17:40,882 - INFO - 🏁 Visualización finalizada
2026-02-26 15:24:36,938 - INFO - 🚀 Iniciando extracción
2026-02-26 15:24:46,957 - ERROR - Error consultando COL-NY.GDP.MKTP.CD (page=1): HTTPSConnectionPool(host='api.worldbank.org', port=443): Max retries exceeded with url: /v2/country/COL/indicator/NY.GDP.MKTP.CD?format=json&page=1 (Caused by NameResolutionError("HTTPSConnection(host='api.worldbank.org', port=443): Failed to resolve 'api.worldbank.org' ([Errno -3] Temporary failure in name resolution)"))
2026-02-26 15:24:56,971 - ERROR - Error consultando COL-FP.CPI.TOTL.ZG (page=1): HTTPSConnectionPool(host='api.worldbank.org', port=443): Max retries exceeded with url: /v2/country/COL/indicator/FP.CPI.TOTL.ZG?format=json&page=1 (Caused by NameResolutionError("HTTPSConnection(host='api.worldbank.org', port=443): Failed to resolve 'api.worldbank.org' ([Errno -3] Temporary failure in name resolution)"))
2026-02-26 15:25:06,983 - ERROR - Error consultando ARG-NY.GDP.MKTP.CD (page=1): HTTPSConnectionPool(host='api.worldbank.org', port=443): Max retries exceeded with url: /v2/country/ARG/indicator/NY.GDP.MKTP.CD?format=json&page=1 (Caused by NameResolutionError("HTTPSConnection(host='api.worldbank.org', port=443): Failed to resolve 'api.worldbank.org' ([Errno -3] Temporary failure in name resolution)"))
2026-02-26 15:25:20,807 - INFO - 🚀 Iniciando extracción
2026-02-26 15:25:30,819 - ERROR - Error consultando COL-NY.GDP.MKTP.CD (page=1): HTTPSConnectionPool(host='api.worldbank.org', port=443): Max retries exceeded with url: /v2/country/COL/indicator/NY.GDP.MKTP.CD?format=json&page=1 (Caused by NameResolutionError("HTTPSConnection(host='api.worldbank.org', port=443): Failed to resolve 'api.worldbank.org' ([Errno -3] Temporary failure in name resolution)"))
2026-02-26 15:26:50,870 - INFO - 🚀 Iniciando extracción
2026-02-26 15:27:00,899 - ERROR - Error consultando COL-NY.GDP.MKTP.CD (page=1): HTTPSConnectionPool(host='api.worldbank.org', port=443): Max retries exceeded with url: /v2/country/COL/indicator/NY.GDP.MKTP.CD?format=json&page=1 (Caused by NameResolutionError("HTTPSConnection(host='api.worldbank.org', port=443): Failed to resolve 'api.worldbank.org' ([Errno -3] Temporary failure in name resolution)"))
2026-02-26 15:27:10,921 - ERROR - Error consultando COL-FP.CPI.TOTL.ZG (page=1): HTTPSConnectionPool(host='api.worldbank.org', port=443): Max retries exceeded with url: /v2/country/COL/indicator/FP.CPI.TOTL.ZG?format=json&page=1 (Caused by NameResolutionError("HTTPSConnection(host='api.worldbank.org', port=443): Failed to resolve 'api.worldbank.org' ([Errno -3] Temporary failure in name resolution)"))
2026-02-26 15:27:25,658 - INFO - ✅ Archivo RAW guardado en data/worldbank_raw.csv
2026-02-26 15:27:25,658 - INFO - 🏁 Extracción finalizada
2026-02-26 15:28:24,367 - INFO - 🚀 Iniciando proceso ETL - TRANSFORM
2026-02-26 15:28:24,368 - INFO - 🔄 Cargando datos crudos...
2026-02-26 15:28:24,375 - INFO - Registros cargados: 1080
2026-02-26 15:28:24,585 - INFO - ✅ CSV transformado guardado en data/worldbank_transformado.csv
2026-02-26 15:28:24,585 - INFO - ✅ Excel final guardado en data/worldbank_final.xlsx
2026-02-26 15:28:24,585 - INFO - 📊 Total registros transformados: 585
2026-02-26 15:28:24,586 - INFO - 🏁 Transformación finalizada
2026-02-26 15:28:27,582 - INFO - 🚀 Iniciando proceso ETL - VISUALIZE
2026-02-26 15:28:27,582 - INFO - 📊 Cargando archivo final...
2026-02-26 15:28:27,682 - INFO - Total registros: 585
2026-02-26 15:29:08,427 - INFO - 🚀 Iniciando extracción
2026-02-26 15:29:24,972 - INFO - ✅ Archivo RAW guardado en data/worldbank_raw.csv
2026-02-26 15:29:24,972 - INFO - 🏁 Extracción finalizada
2026-02-26 15:29:35,559 - INFO - 🚀 Iniciando proceso ETL - TRANSFORM
2026-02-26 15:29:35,559 - INFO - 🔄 Cargando datos crudos...
2026-02-26 15:29:35,566 - INFO - Registros cargados: 1210
2026-02-26 15:29:35,773 - INFO - ✅ CSV transformado guardado en data/worldbank_transformado.csv
2026-02-26 15:29:35,773 - INFO - ✅ Excel final guardado en data/worldbank_final.xlsx
2026-02-26 15:29:35,773 - INFO - 📊 Total registros transformados: 650
2026-02-26 15:29:35,773 - INFO - 🏁 Transformación finalizada
2026-02-26 15:29:38,698 - INFO - 🚀 Iniciando proceso ETL - VISUALIZE
2026-02-26 15:29:38,698 - INFO - 📊 Cargando archivo final...
2026-02-26 15:29:38,800 - INFO - Total registros: 650
2026-02-26 15:32:06,396 - INFO - 🚀 Iniciando extracción
2026-02-26 15:32:22,577 - INFO - ✅ Archivo RAW guardado en data/worldbank_raw.csv
2026-02-26 15:32:22,579 - INFO - 🏁 Extracción finalizada
2026-02-26 15:32:28,050 - INFO - 🚀 Iniciando proceso ETL - TRANSFORM
2026-02-26 15:32:28,050 - INFO - 🔄 Cargando datos crudos...
2026-02-26 15:32:28,053 - INFO - Registros cargados: 1210
2026-02-26 15:32:28,171 - INFO - ✅ CSV transformado guardado en data/worldbank_transformado.csv
2026-02-26 15:32:28,171 - INFO - ✅ Excel final guardado en data/worldbank_final.xlsx
2026-02-26 15:32:28,171 - INFO - 📊 Total registros transformados: 650
2026-02-26 15:32:28,171 - INFO - 🏁 Transformación finalizada
2026-02-26 15:32:30,864 - INFO - 🚀 Iniciando proceso ETL - VISUALIZE
2026-02-26 15:32:30,864 - INFO - 📊 Cargando archivo final...
2026-02-26 15:32:30,967 - INFO - Total registros: 650
2026-02-26 15:39:23,606 - INFO - 🚀 Iniciando extracción
2026-02-26 15:39:33,619 - ERROR - Error consultando COL-NY.GDP.MKTP.CD (page=1): HTTPSConnectionPool(host='api.worldbank.org', port=443): Max retries exceeded with url: /v2/country/COL/indicator/NY.GDP.MKTP.CD?format=json&page=1 (Caused by NameResolutionError("HTTPSConnection(host='api.worldbank.org', port=443): Failed to resolve 'api.worldbank.org' ([Errno -3] Temporary failure in name resolution)"))
2026-02-26 15:40:06,859 - INFO - 🚀 Iniciando extracción
2026-02-26 15:40:24,236 - INFO - ✅ Archivo RAW guardado en data/worldbank_raw.csv
2026-02-26 15:40:24,236 - INFO - 🏁 Extracción finalizada
2026-02-26 15:40:53,575 - INFO - 🚀 Iniciando proceso ETL - TRANSFORM
2026-02-26 15:40:53,576 - INFO - 🔄 Cargando datos crudos...
2026-02-26 15:40:53,578 - INFO - Registros cargados: 1210
2026-02-26 15:40:53,685 - INFO - ✅ CSV transformado guardado en data/worldbank_transformado.csv
2026-02-26 15:40:53,685 - INFO - ✅ Excel final guardado en data/worldbank_final.xlsx
2026-02-26 15:40:53,685 - INFO - 📊 Total registros transformados: 650
2026-02-26 15:40:53,685 - INFO - 🏁 Transformación finalizada
2026-02-26 15:41:03,879 - INFO - 🚀 Iniciando proceso ETL - VISUALIZE
2026-02-26 15:41:03,879 - INFO - 📊 Cargando archivo final...
2026-02-26 15:41:03,969 - INFO - Total registros: 650
2026-02-26 15:41:03,987 - INFO - 🏁 Visualización finalizada
2026-02-26 15:48:01,516 - INFO - 🚀 Iniciando proceso ETL - VISUALIZE
2026-02-26 15:48:01,517 - INFO - 📊 Cargando archivo final...
2026-02-26 15:48:01,651 - INFO - Total registros: 650
2026-02-26 15:48:29,811 - INFO - 🚀 Iniciando proceso ETL - VISUALIZE
2026-02-26 15:48:29,811 - INFO - 📊 Cargando archivo final...
2026-02-26 15:48:29,899 - INFO - Total registros: 650
2026-02-26 15:48:29,926 - INFO - 🏁 Visualización finalizada
2026-02-26 15:53:23,174 - INFO - 🚀 Iniciando extracción
2026-02-26 15:53:33,210 - ERROR - Error consultando COL-NY.GDP.MKTP.CD (page=1): HTTPSConnectionPool(host='api.worldbank.org', port=443): Max retries exceeded with url: /v2/country/COL/indicator/NY.GDP.MKTP.CD?format=json&page=1 (Caused by NameResolutionError("HTTPSConnection(host='api.worldbank.org', port=443): Failed to resolve 'api.worldbank.org' ([Errno -3] Temporary failure in name resolution)"))
2026-02-26 15:53:43,261 - ERROR - Error consultando COL-FP.CPI.TOTL.ZG (page=1): HTTPSConnectionPool(host='api.worldbank.org', port=443): Max retries exceeded with url: /v2/country/COL/indicator/FP.CPI.TOTL.ZG?format=json&page=1 (Caused by NameResolutionError("HTTPSConnection(host='api.worldbank.org', port=443): Failed to resolve 'api.worldbank.org' ([Errno -3] Temporary failure in name resolution)"))
2026-02-26 15:53:58,345 - ERROR - Error consultando ARG-NY.GDP.MKTP.CD (page=1): HTTPSConnectionPool(host='api.worldbank.org', port=443): Max retries exceeded with url: /v2/country/ARG/indicator/NY.GDP.MKTP.CD?format=json&page=1 (Caused by NameResolutionError("HTTPSConnection(host='api.worldbank.org', port=443): Failed to resolve 'api.worldbank.org' ([Errno -3] Temporary failure in name resolution)"))
2026-02-26 15:54:08,380 - ERROR - Error consultando ARG-FP.CPI.TOTL.ZG (page=1): HTTPSConnectionPool(host='api.worldbank.org', port=443): Max retries exceeded with url: /v2/country/ARG/indicator/FP.CPI.TOTL.ZG?format=json&page=1 (Caused by NameResolutionError("HTTPSConnection(host='api.worldbank.org', port=443): Failed to resolve 'api.worldbank.org' ([Errno -3] Temporary failure in name resolution)"))
2026-02-26 15:54:18,393 - ERROR - Error consultando BRA-NY.GDP.MKTP.CD (page=1): HTTPSConnectionPool(host='api.worldbank.org', port=443): Max retries exceeded with url: /v2/country/BRA/indicator/NY.GDP.MKTP.CD?format=json&page=1 (Caused by NameResolutionError("HTTPSConnection(host='api.worldbank.org', port=443): Failed to resolve 'api.worldbank.org' ([Errno -3] Temporary failure in name resolution)"))
2026-02-26 15:54:54,778 - ERROR - Error consultando BRA-FP.CPI.TOTL.ZG (page=1): HTTPSConnectionPool(host='api.worldbank.org', port=443): Read timed out. (read timeout=20)
2026-02-26 15:55:15,920 - INFO - 🚀 Iniciando extracción
2026-02-26 15:55:25,934 - ERROR - Error consultando COL-NY.GDP.MKTP.CD (page=1): HTTPSConnectionPool(host='api.worldbank.org', port=443): Max retries exceeded with url: /v2/country/COL/indicator/NY.GDP.MKTP.CD?format=json&page=1 (Caused by NameResolutionError("HTTPSConnection(host='api.worldbank.org', port=443): Failed to resolve 'api.worldbank.org' ([Errno -3] Temporary failure in name resolution)"))
2026-02-26 15:59:11,203 - INFO - 🚀 Iniciando extracción
2026-02-26 15:59:29,180 - INFO - ✅ Archivo RAW guardado en data/worldbank_raw.csv
2026-02-26 15:59:29,181 - INFO - 🏁 Extracción finalizada
2026-02-26 15:59:34,264 - INFO - 🚀 Iniciando proceso ETL - TRANSFORM
2026-02-26 15:59:34,264 - INFO - 🔄 Cargando datos crudos...
2026-02-26 15:59:34,268 - INFO - Registros cargados: 1210
2026-02-26 15:59:34,457 - INFO - ✅ CSV transformado guardado en data/worldbank_transformado.csv
2026-02-26 15:59:34,458 - INFO - ✅ Excel final guardado en data/worldbank_final.xlsx
2026-02-26 15:59:34,458 - INFO - 📊 Total registros transformados: 650
2026-02-26 15:59:34,458 - INFO - 🏁 Transformación finalizada
2026-02-26 15:59:37,480 - INFO - 🚀 Iniciando proceso ETL - VISUALIZE
2026-02-26 15:59:37,480 - INFO - 📊 Cargando archivo final...
2026-02-26 15:59:37,560 - INFO - Total registros: 650
2026-02-26 16:01:04,695 - INFO - 🚀 Iniciando proceso ETL - VISUALIZE
2026-02-26 16:01:04,695 - INFO - 📊 Cargando archivo final...
2026-02-26 16:01:04,777 - INFO - Total registros: 650
2026-02-26 16:01:05,558 - INFO - 🖼 Imagen generada en data/graficas_unificadas.png
2026-02-26 16:01:05,559 - INFO - 🏁 Visualización finalizada
2026-02-26 16:02:41,330 - INFO - 🚀 Iniciando proceso ETL - VISUALIZE
2026-02-26 16:02:41,330 - INFO - 📊 Cargando archivo final...
2026-02-26 16:02:41,429 - INFO - Total registros: 650
2026-02-26 16:02:41,447 - INFO - 🏁 Visualización finalizada
